{
  "stats": {
    "suites": 1,
    "tests": 2,
    "passes": 2,
    "pending": 0,
    "failures": 0,
    "start": "2021-02-20T00:46:30.935Z",
    "end": "2021-02-20T00:46:35.217Z",
    "duration": 4282,
    "testsRegistered": 2,
    "passPercent": 100,
    "pendingPercent": 0,
    "other": 0,
    "hasOther": false,
    "skipped": 0,
    "hasSkipped": false
  },
  "results": [
    {
      "uuid": "3110c48a-3ebc-4662-9633-ca413a2d434a",
      "title": "",
      "fullFile": "cypress\\integration\\demo_dos\\check.js",
      "file": "cypress\\integration\\demo_dos\\check.js",
      "beforeHooks": [],
      "afterHooks": [],
      "tests": [],
      "suites": [
        {
          "uuid": "20d4413a-1be5-4d7c-8896-77cb7bf50fe5",
          "title": "Checkboxes",
          "fullFile": "",
          "file": "",
          "beforeHooks": [],
          "afterHooks": [],
          "tests": [
            {
              "title": "Test uno",
              "fullTitle": "Checkboxes Test uno",
              "timedOut": null,
              "duration": 1612,
              "state": "passed",
              "speed": "slow",
              "pass": true,
              "fail": false,
              "pending": false,
              "context": null,
              "code": "cy.visit('http://www.webdriveruniversity.com/Dropdown-Checkboxes-RadioButtons/index.html');\ncy.title().should('eq', 'WebDriver | Dropdown Menu(s) | Checkboxe(s) | Radio Button(s)');\ncy.get('#checkboxes > :nth-child(1) > input').click();\ncy.get('#checkboxes > :nth-child(3) > input').should('have.value', 'option-2').click(); //validar\n//cy.get('#checkboxes > :nth-child(1)').check().should(\"be.checked\")",
              "err": {},
              "uuid": "8c000e64-8e95-4881-9363-e6de450dbd18",
              "parentUUID": "20d4413a-1be5-4d7c-8896-77cb7bf50fe5",
              "isHook": false,
              "skipped": false
            },
            {
              "title": "Test dos",
              "fullTitle": "Checkboxes Test dos",
              "timedOut": null,
              "duration": 533,
              "state": "passed",
              "speed": "slow",
              "pass": true,
              "fail": false,
              "pending": false,
              "context": null,
              "code": "cy.visit('http://www.webdriveruniversity.com/Dropdown-Checkboxes-RadioButtons/index.html');\ncy.title().should('eq', 'WebDriver | Dropdown Menu(s) | Checkboxe(s) | Radio Button(s)');\ncy.get(\"input[type='checkbox']\").check([\"option-1\", \"option-2\", \"option-3\", \"option-4\"]).should(\"be.checked\"); //selecciona las cuatro de un solo jalon",
              "err": {},
              "uuid": "91963f00-9281-4fba-807a-11ddacc89bbb",
              "parentUUID": "20d4413a-1be5-4d7c-8896-77cb7bf50fe5",
              "isHook": false,
              "skipped": false
            }
          ],
          "suites": [],
          "passes": [
            "8c000e64-8e95-4881-9363-e6de450dbd18",
            "91963f00-9281-4fba-807a-11ddacc89bbb"
          ],
          "failures": [],
          "pending": [],
          "skipped": [],
          "duration": 2145,
          "root": false,
          "rootEmpty": false,
          "_timeout": 2000
        }
      ],
      "passes": [],
      "failures": [],
      "pending": [],
      "skipped": [],
      "duration": 0,
      "root": true,
      "rootEmpty": true,
      "_timeout": 2000
    }
  ],
  "meta": {
    "mocha": {
      "version": "7.0.1"
    },
    "mochawesome": {
      "options": {
        "quiet": false,
        "reportFilename": "mochawesome",
        "saveHtml": false,
        "saveJson": true,
        "consoleReporter": "spec",
        "useInlineDiffs": false,
        "code": true
      },
      "version": "6.2.2"
    },
    "marge": {
      "options": {
        "id": "default",
        "reportDir": "cypress/results/mochawesome",
        "quite": true,
        "overwrite": "false",
        "html": false,
        "json": true
      },
      "version": "5.2.0"
    }
  }
}