{
  "stats": {
    "suites": 1,
    "tests": 1,
    "passes": 0,
    "pending": 0,
    "failures": 1,
    "start": "2021-02-19T23:54:51.719Z",
    "end": "2021-02-19T23:55:13.254Z",
    "duration": 21535,
    "testsRegistered": 1,
    "passPercent": 0,
    "pendingPercent": 0,
    "other": 0,
    "hasOther": false,
    "skipped": 0,
    "hasSkipped": false
  },
  "results": [
    {
      "uuid": "cb28fa1f-357b-4638-bbb3-135eaeae4b32",
      "title": "",
      "fullFile": "cypress\\integration\\demo_dos\\Custom_comans.js",
      "file": "cypress\\integration\\demo_dos\\Custom_comans.js",
      "beforeHooks": [],
      "afterHooks": [],
      "tests": [],
      "suites": [
        {
          "uuid": "7eddb7e3-1fd5-4af1-abf1-cab23bfb626e",
          "title": "Seleccionar Elementos de una tabla y de otros campos",
          "fullFile": "",
          "file": "",
          "beforeHooks": [],
          "afterHooks": [],
          "tests": [
            {
              "title": "Domicilio",
              "fullTitle": "Seleccionar Elementos de una tabla y de otros campos Domicilio",
              "timedOut": null,
              "duration": 21462,
              "state": "failed",
              "speed": null,
              "pass": false,
              "fail": true,
              "pending": false,
              "context": null,
              "code": "cy.get('#id_entidad').select('Aguascalientes').should('have.value', '1');\ncy.get('#id_municipio').select('Asientos').should('have.value', '2');\ncy.get('#id_localidad').select('Adolfo Lopez Mateos').should('have.value', '2598');\ncy.get('#id_cp').should('be.visible').should('be.enabled').clear().type('07990');\ncy.get('#id_calle').should('be.visible').should('be.enabled').clear().type('Calle demo');\ncy.get('#id_numero_exterior').should('be.visible').should('be.enabled').clear().type('879');\ncy.get('#id_numero_interior').should('be.visible').should('be.enabled').clear().type('12');\ncy.wait(5000);\ncy.get('#id_salir_sipvi').should('be.visible').click({\n  force: true\n});",
              "err": {
                "message": "CypressError: `cy.visit()` failed trying to load:\n\nhttp://10.16.3.36:8007/login\n\nWe attempted to make an http request to this URL but the request failed without a response.\n\nWe received this error at the network level:\n\n  > Error: connect ETIMEDOUT 10.16.3.36:8007\n\nCommon situations why this would fail:\n  - you don't have internet access\n  - you forgot to run / boot your web server\n  - your web server isn't accessible\n  - you have weird network configuration settings on your computer\n\nBecause this error occurred during a `before each` hook we are skipping the remaining tests in the current suite: `Seleccionar Elementos de un...`",
                "estack": "CypressError: `cy.visit()` failed trying to load:\n\nhttp://10.16.3.36:8007/login\n\nWe attempted to make an http request to this URL but the request failed without a response.\n\nWe received this error at the network level:\n\n  > Error: connect ETIMEDOUT 10.16.3.36:8007\n\nCommon situations why this would fail:\n  - you don't have internet access\n  - you forgot to run / boot your web server\n  - your web server isn't accessible\n  - you have weird network configuration settings on your computer\n\nBecause this error occurred during a `before each` hook we are skipping the remaining tests in the current suite: `Seleccionar Elementos de un...`\n    at http://localhost:62517/__cypress/runner/cypress_runner.js:159076:23\n    at visitFailedByErr (http://localhost:62517/__cypress/runner/cypress_runner.js:158436:12)\n    at http://localhost:62517/__cypress/runner/cypress_runner.js:159075:11\n    at tryCatcher (http://localhost:62517/__cypress/runner/cypress_runner.js:10765:23)\n    at Promise._settlePromiseFromHandler (http://localhost:62517/__cypress/runner/cypress_runner.js:8700:31)\n    at Promise._settlePromise (http://localhost:62517/__cypress/runner/cypress_runner.js:8757:18)\n    at Promise._settlePromise0 (http://localhost:62517/__cypress/runner/cypress_runner.js:8802:10)\n    at Promise._settlePromises (http://localhost:62517/__cypress/runner/cypress_runner.js:8878:18)\n    at _drainQueueStep (http://localhost:62517/__cypress/runner/cypress_runner.js:5472:12)\n    at _drainQueue (http://localhost:62517/__cypress/runner/cypress_runner.js:5465:9)\n    at Async.../../node_modules/bluebird/js/release/async.js.Async._drainQueues (http://localhost:62517/__cypress/runner/cypress_runner.js:5481:5)\n    at Async.drainQueues (http://localhost:62517/__cypress/runner/cypress_runner.js:5351:14)\nFrom Your Spec Code:\n    at Context.eval (http://localhost:62517/__cypress/tests?p=cypress\\integration\\demo_dos\\Custom_comans.js:169:8)\n\nFrom Node.js Internals:\n  Error: connect ETIMEDOUT 10.16.3.36:8007\n      at TCPConnectWrap.afterConnect [as oncomplete] (net.js:1141:16)\n  ",
                "diff": null
              },
              "uuid": "84ce4537-379d-4239-b342-a43f3df4de73",
              "parentUUID": "7eddb7e3-1fd5-4af1-abf1-cab23bfb626e",
              "isHook": false,
              "skipped": false
            }
          ],
          "suites": [],
          "passes": [],
          "failures": [
            "84ce4537-379d-4239-b342-a43f3df4de73"
          ],
          "pending": [],
          "skipped": [],
          "duration": 21462,
          "root": false,
          "rootEmpty": false,
          "_timeout": 2000
        }
      ],
      "passes": [],
      "failures": [],
      "pending": [],
      "skipped": [],
      "duration": 0,
      "root": true,
      "rootEmpty": true,
      "_timeout": 2000
    }
  ],
  "meta": {
    "mocha": {
      "version": "7.0.1"
    },
    "mochawesome": {
      "options": {
        "quiet": false,
        "reportFilename": "mochawesome",
        "saveHtml": false,
        "saveJson": true,
        "consoleReporter": "spec",
        "useInlineDiffs": false,
        "code": true
      },
      "version": "6.2.2"
    },
    "marge": {
      "options": {
        "id": "default",
        "reportDir": "cypress/results/mochawesome",
        "quite": true,
        "overwrite": "false",
        "html": false,
        "json": true
      },
      "version": "5.2.0"
    }
  }
}