{
  "stats": {
    "suites": 1,
    "tests": 2,
    "passes": 2,
    "pending": 0,
    "failures": 0,
    "start": "2021-02-20T00:46:44.627Z",
    "end": "2021-02-20T00:46:56.648Z",
    "duration": 12021,
    "testsRegistered": 2,
    "passPercent": 100,
    "pendingPercent": 0,
    "other": 0,
    "hasOther": false,
    "skipped": 0,
    "hasSkipped": false
  },
  "results": [
    {
      "uuid": "50082dd8-afb8-40c3-866a-d66443ce6c5b",
      "title": "",
      "fullFile": "cypress\\integration\\demo_dos\\Combo_autocomplite.js",
      "file": "cypress\\integration\\demo_dos\\Combo_autocomplite.js",
      "beforeHooks": [],
      "afterHooks": [],
      "tests": [],
      "suites": [
        {
          "uuid": "e1edb367-fb68-42f3-b410-9da56131a171",
          "title": "Combo autocomplite",
          "fullFile": "",
          "file": "",
          "beforeHooks": [],
          "afterHooks": [],
          "tests": [
            {
              "title": "Test uno",
              "fullTitle": "Combo autocomplite Test uno",
              "timedOut": null,
              "duration": 2385,
              "state": "passed",
              "speed": "slow",
              "pass": true,
              "fail": false,
              "pending": false,
              "context": null,
              "code": "cy.visit('http://www.webdriveruniversity.com/Autocomplete-TextField/autocomplete-textfield.html');\ncy.title().should('eq', 'WebDriver | Contact Us');\ncy.get(\"#myInput\").type(\"A\");\ncy.get(\"#myInputautocomplete-list > * \").each(function ($el, index, $list) {\n  var prod = $el.text();\n  cy.log(prod);\n  if (prod === \"Avacado\") {\n    cy.get(\"#submit-button\").click();\n    cy.wait(1000);\n  }\n});",
              "err": {},
              "uuid": "890e2594-ec4e-4a65-b45e-5fa05cf9ff6f",
              "parentUUID": "e1edb367-fb68-42f3-b410-9da56131a171",
              "isHook": false,
              "skipped": false
            },
            {
              "title": "Test dos",
              "fullTitle": "Combo autocomplite Test dos",
              "timedOut": null,
              "duration": 7668,
              "state": "passed",
              "speed": "slow",
              "pass": true,
              "fail": false,
              "pending": false,
              "context": null,
              "code": "cy.visit('http://www.webdriveruniversity.com/Autocomplete-TextField/autocomplete-textfield.html');\ncy.title().should('eq', 'WebDriver | Contact Us');\ncy.get(\"#myInput\").type(\"Avacado\");\ncy.wait(1000);\ncy.get(\"#submit-button\").click();\ncy.url().should('include', 'Avacado').then(function () {\n  cy.get(\"#myInput\").type(\"Carrots\");\n  cy.wait(1000);\n  cy.get(\"#submit-button\").click();\n  cy.url().should('include', 'Carrots');\n});",
              "err": {},
              "uuid": "f121e942-5976-4e8f-a626-c0171b0000fb",
              "parentUUID": "e1edb367-fb68-42f3-b410-9da56131a171",
              "isHook": false,
              "skipped": false
            }
          ],
          "suites": [],
          "passes": [
            "890e2594-ec4e-4a65-b45e-5fa05cf9ff6f",
            "f121e942-5976-4e8f-a626-c0171b0000fb"
          ],
          "failures": [],
          "pending": [],
          "skipped": [],
          "duration": 10053,
          "root": false,
          "rootEmpty": false,
          "_timeout": 2000
        }
      ],
      "passes": [],
      "failures": [],
      "pending": [],
      "skipped": [],
      "duration": 0,
      "root": true,
      "rootEmpty": true,
      "_timeout": 2000
    }
  ],
  "meta": {
    "mocha": {
      "version": "7.0.1"
    },
    "mochawesome": {
      "options": {
        "quiet": false,
        "reportFilename": "mochawesome",
        "saveHtml": false,
        "saveJson": true,
        "consoleReporter": "spec",
        "useInlineDiffs": false,
        "code": true
      },
      "version": "6.2.2"
    },
    "marge": {
      "options": {
        "id": "default",
        "reportDir": "cypress/results/mochawesome",
        "quite": true,
        "overwrite": "false",
        "html": false,
        "json": true
      },
      "version": "5.2.0"
    }
  }
}