{
  "stats": {
    "suites": 1,
    "tests": 1,
    "passes": 1,
    "pending": 0,
    "failures": 0,
    "start": "2021-02-20T00:42:00.040Z",
    "end": "2021-02-20T00:42:03.713Z",
    "duration": 3673,
    "testsRegistered": 1,
    "passPercent": 100,
    "pendingPercent": 0,
    "other": 0,
    "hasOther": false,
    "skipped": 0,
    "hasSkipped": false
  },
  "results": [
    {
      "uuid": "d32f6778-41dd-4717-aa9b-9659eb37473c",
      "title": "",
      "fullFile": "cypress\\integration\\demo_dos\\Combos.js",
      "file": "cypress\\integration\\demo_dos\\Combos.js",
      "beforeHooks": [],
      "afterHooks": [],
      "tests": [],
      "suites": [
        {
          "uuid": "01372028-140f-4436-b2f3-c6c13912a693",
          "title": "Combo box",
          "fullFile": "",
          "file": "",
          "beforeHooks": [],
          "afterHooks": [],
          "tests": [
            {
              "title": "Test uno",
              "fullTitle": "Combo box Test uno",
              "timedOut": null,
              "duration": 1832,
              "state": "passed",
              "speed": "slow",
              "pass": true,
              "fail": false,
              "pending": false,
              "context": null,
              "code": "cy.visit('http://www.webdriveruniversity.com/Dropdown-Checkboxes-RadioButtons/index.html');\ncy.title().should('eq', 'WebDriver | Dropdown Menu(s) | Checkboxe(s) | Radio Button(s)');\ncy.get(\"#dropdowm-menu-1\").select('c#');\ncy.get(\"#dropdowm-menu-2\").select('testng').should(\"have.value\", \"testng\");\ncy.get(\"#dropdowm-menu-3\").select('jquery').contains(\"JQuery\");",
              "err": {},
              "uuid": "fd3caad0-5a7c-454f-84b1-c11ee39525bb",
              "parentUUID": "01372028-140f-4436-b2f3-c6c13912a693",
              "isHook": false,
              "skipped": false
            }
          ],
          "suites": [],
          "passes": [
            "fd3caad0-5a7c-454f-84b1-c11ee39525bb"
          ],
          "failures": [],
          "pending": [],
          "skipped": [],
          "duration": 1832,
          "root": false,
          "rootEmpty": false,
          "_timeout": 2000
        }
      ],
      "passes": [],
      "failures": [],
      "pending": [],
      "skipped": [],
      "duration": 0,
      "root": true,
      "rootEmpty": true,
      "_timeout": 2000
    }
  ],
  "meta": {
    "mocha": {
      "version": "7.0.1"
    },
    "mochawesome": {
      "options": {
        "quiet": false,
        "reportFilename": "mochawesome",
        "saveHtml": false,
        "saveJson": true,
        "consoleReporter": "spec",
        "useInlineDiffs": false,
        "code": true
      },
      "version": "6.2.2"
    },
    "marge": {
      "options": {
        "id": "default",
        "reportDir": "cypress/results/mochawesome",
        "quite": true,
        "overwrite": "false",
        "html": false,
        "json": true
      },
      "version": "5.2.0"
    }
  }
}