{
  "stats": {
    "suites": 1,
    "tests": 2,
    "passes": 2,
    "pending": 0,
    "failures": 0,
    "start": "2021-02-20T00:45:21.610Z",
    "end": "2021-02-20T00:45:30.132Z",
    "duration": 8522,
    "testsRegistered": 2,
    "passPercent": 100,
    "pendingPercent": 0,
    "other": 0,
    "hasOther": false,
    "skipped": 0,
    "hasSkipped": false
  },
  "results": [
    {
      "uuid": "bac31866-2a2c-401a-9e06-0c970f588825",
      "title": "",
      "fullFile": "cypress\\integration\\demo_dos\\Combo_autocomplite.js",
      "file": "cypress\\integration\\demo_dos\\Combo_autocomplite.js",
      "beforeHooks": [],
      "afterHooks": [],
      "tests": [],
      "suites": [
        {
          "uuid": "f00572e5-fe3e-4e24-ba0c-928601477dc5",
          "title": "Combo autocomplite",
          "fullFile": "",
          "file": "",
          "beforeHooks": [],
          "afterHooks": [],
          "tests": [
            {
              "title": "Test uno",
              "fullTitle": "Combo autocomplite Test uno",
              "timedOut": null,
              "duration": 2615,
              "state": "passed",
              "speed": "slow",
              "pass": true,
              "fail": false,
              "pending": false,
              "context": null,
              "code": "cy.visit('http://www.webdriveruniversity.com/Autocomplete-TextField/autocomplete-textfield.html');\ncy.title().should('eq', 'WebDriver | Contact Us');\ncy.get(\"#myInput\").type(\"A\");\ncy.get(\"#myInputautocomplete-list > * \").each(function ($el, index, $list) {\n  var prod = $el.text();\n  cy.log(prod);\n  if (prod === \"Avacado\") {\n    cy.get(\"#submit-button\").click();\n    cy.wait(1000);\n  }\n});",
              "err": {},
              "uuid": "dd6238d3-8a8e-4d27-8cf5-f256c41835de",
              "parentUUID": "f00572e5-fe3e-4e24-ba0c-928601477dc5",
              "isHook": false,
              "skipped": false
            },
            {
              "title": "Test dos",
              "fullTitle": "Combo autocomplite Test dos",
              "timedOut": null,
              "duration": 4602,
              "state": "passed",
              "speed": "slow",
              "pass": true,
              "fail": false,
              "pending": false,
              "context": null,
              "code": "cy.visit('http://www.webdriveruniversity.com/Autocomplete-TextField/autocomplete-textfield.html');\ncy.title().should('eq', 'WebDriver | Contact Us');\ncy.get(\"#myInput\").type(\"Avacado\");\ncy.wait(1000);\ncy.get(\"#submit-button\").click();\ncy.url().should('include', 'Avacado').then(function () {\n  cy.get(\"#myInput\").type(\"Carrots\");\n  cy.wait(1000);\n  cy.get(\"#submit-button\").click();\n  cy.url().should('include', 'Carrots');\n});",
              "err": {},
              "uuid": "19022e6a-eebf-4015-9a4b-fd2738788cc9",
              "parentUUID": "f00572e5-fe3e-4e24-ba0c-928601477dc5",
              "isHook": false,
              "skipped": false
            }
          ],
          "suites": [],
          "passes": [
            "dd6238d3-8a8e-4d27-8cf5-f256c41835de",
            "19022e6a-eebf-4015-9a4b-fd2738788cc9"
          ],
          "failures": [],
          "pending": [],
          "skipped": [],
          "duration": 7217,
          "root": false,
          "rootEmpty": false,
          "_timeout": 2000
        }
      ],
      "passes": [],
      "failures": [],
      "pending": [],
      "skipped": [],
      "duration": 0,
      "root": true,
      "rootEmpty": true,
      "_timeout": 2000
    }
  ],
  "meta": {
    "mocha": {
      "version": "7.0.1"
    },
    "mochawesome": {
      "options": {
        "quiet": false,
        "reportFilename": "mochawesome",
        "saveHtml": false,
        "saveJson": true,
        "consoleReporter": "spec",
        "useInlineDiffs": false,
        "code": true
      },
      "version": "6.2.2"
    },
    "marge": {
      "options": {
        "id": "default",
        "reportDir": "cypress/results/mochawesome",
        "quite": true,
        "overwrite": "false",
        "html": false,
        "json": true
      },
      "version": "5.2.0"
    }
  }
}