{
  "stats": {
    "suites": 1,
    "tests": 2,
    "passes": 2,
    "pending": 0,
    "failures": 0,
    "start": "2021-02-19T23:54:29.875Z",
    "end": "2021-02-19T23:54:38.468Z",
    "duration": 8593,
    "testsRegistered": 2,
    "passPercent": 100,
    "pendingPercent": 0,
    "other": 0,
    "hasOther": false,
    "skipped": 0,
    "hasSkipped": false
  },
  "results": [
    {
      "uuid": "27243ec5-0d66-4eb5-8202-4eb147516a3f",
      "title": "",
      "fullFile": "cypress\\integration\\demo_dos\\Combo_autocomplite.js",
      "file": "cypress\\integration\\demo_dos\\Combo_autocomplite.js",
      "beforeHooks": [],
      "afterHooks": [],
      "tests": [],
      "suites": [
        {
          "uuid": "93e3da31-44bd-4ca4-8d69-9723bc792b78",
          "title": "Combo autocomplite",
          "fullFile": "",
          "file": "",
          "beforeHooks": [],
          "afterHooks": [],
          "tests": [
            {
              "title": "Test uno",
              "fullTitle": "Combo autocomplite Test uno",
              "timedOut": null,
              "duration": 2295,
              "state": "passed",
              "speed": "slow",
              "pass": true,
              "fail": false,
              "pending": false,
              "context": null,
              "code": "cy.visit('http://www.webdriveruniversity.com/Autocomplete-TextField/autocomplete-textfield.html');\ncy.title().should('eq', 'WebDriver | Contact Us');\ncy.get(\"#myInput\").type(\"A\");\ncy.get(\"#myInputautocomplete-list > * \").each(function ($el, index, $list) {\n  var prod = $el.text();\n  cy.log(prod);\n  if (prod === \"Avacado\") {\n    cy.get(\"#submit-button\").click();\n    cy.wait(1000);\n  }\n});",
              "err": {},
              "uuid": "1f1f7abd-9820-4d76-bcb1-fb76701a7c96",
              "parentUUID": "93e3da31-44bd-4ca4-8d69-9723bc792b78",
              "isHook": false,
              "skipped": false
            },
            {
              "title": "Test dos",
              "fullTitle": "Combo autocomplite Test dos",
              "timedOut": null,
              "duration": 4598,
              "state": "passed",
              "speed": "slow",
              "pass": true,
              "fail": false,
              "pending": false,
              "context": null,
              "code": "cy.visit('http://www.webdriveruniversity.com/Autocomplete-TextField/autocomplete-textfield.html');\ncy.title().should('eq', 'WebDriver | Contact Us');\ncy.get(\"#myInput\").type(\"Avacado\");\ncy.wait(1000);\ncy.get(\"#submit-button\").click();\ncy.url().should('include', 'Avacado').then(function () {\n  cy.get(\"#myInput\").type(\"Carrots\");\n  cy.wait(1000);\n  cy.get(\"#submit-button\").click();\n  cy.url().should('include', 'Carrots');\n});",
              "err": {},
              "uuid": "b93b2087-770e-4947-9efd-686b4259ac64",
              "parentUUID": "93e3da31-44bd-4ca4-8d69-9723bc792b78",
              "isHook": false,
              "skipped": false
            }
          ],
          "suites": [],
          "passes": [
            "1f1f7abd-9820-4d76-bcb1-fb76701a7c96",
            "b93b2087-770e-4947-9efd-686b4259ac64"
          ],
          "failures": [],
          "pending": [],
          "skipped": [],
          "duration": 6893,
          "root": false,
          "rootEmpty": false,
          "_timeout": 2000
        }
      ],
      "passes": [],
      "failures": [],
      "pending": [],
      "skipped": [],
      "duration": 0,
      "root": true,
      "rootEmpty": true,
      "_timeout": 2000
    }
  ],
  "meta": {
    "mocha": {
      "version": "7.0.1"
    },
    "mochawesome": {
      "options": {
        "quiet": false,
        "reportFilename": "mochawesome",
        "saveHtml": false,
        "saveJson": true,
        "consoleReporter": "spec",
        "useInlineDiffs": false,
        "code": true
      },
      "version": "6.2.2"
    },
    "marge": {
      "options": {
        "id": "default",
        "reportDir": "cypress/results/mochawesome",
        "quite": true,
        "overwrite": "false",
        "html": false,
        "json": true
      },
      "version": "5.2.0"
    }
  }
}